Using pre-set license
Built from '2020.2/release' branch; Version is '2020.2.0f1 (3721df5a8b28) revision 3613151'; Using compiler version '192528614'; Build Type 'Release'
OS: 'Windows 10  (10.0.0) 64bit' Language: 'en' Physical Memory: 16228 MB
BatchMode: 1, IsHumanControllingUs: 0, StartBugReporterOnCrash: 0, Is64bit: 1, IsPro: 0

 COMMAND LINE ARGUMENTS:
C:\Program Files\Unity\Hub\Editor\2020.2.0f1\Editor\Unity.exe
-adb2
-batchMode
-noUpm
-name
AssetImportWorker2
-projectPath
C:/Users/lovbe/Documents/ProjectLumber
-logFile
Logs/AssetImportWorker2.log
-srvPort
58918
Successfully changed project path to: C:/Users/lovbe/Documents/ProjectLumber
C:/Users/lovbe/Documents/ProjectLumber
Using Asset Import Pipeline V2.
Refreshing native plugins compatible for Editor in 47.45 ms, found 0 plugins.
Preloading 0 native plugins for Editor in 0.00 ms.
Initialize engine version: 2020.2.0f1 (3721df5a8b28)
[Subsystems] Discovering subsystems at path C:/Program Files/Unity/Hub/Editor/2020.2.0f1/Editor/Data/Resources/UnitySubsystems
[Subsystems] Discovering subsystems at path C:/Users/lovbe/Documents/ProjectLumber/Assets
GfxDevice: creating device client; threaded=0
Direct3D:
    Version:  Direct3D 11.0 [level 11.1]
    Renderer: NVIDIA GeForce RTX 2070 with Max-Q Design (ID=0x1f10)
    Vendor:   
    VRAM:     8031 MB
    Driver:   27.21.14.5206
Initialize mono
Mono path[0] = 'C:/Program Files/Unity/Hub/Editor/2020.2.0f1/Editor/Data/Managed'
Mono path[1] = 'C:/Program Files/Unity/Hub/Editor/2020.2.0f1/Editor/Data/MonoBleedingEdge/lib/mono/unityjit'
Mono config path = 'C:/Program Files/Unity/Hub/Editor/2020.2.0f1/Editor/Data/MonoBleedingEdge/etc'
Using monoOptions --debugger-agent=transport=dt_socket,embedding=1,server=y,suspend=n,address=127.0.0.1:56864
Begin MonoManager ReloadAssembly
Registering precompiled unity dll's ...
Register platform support module: C:/Program Files/Unity/Hub/Editor/2020.2.0f1/Editor/Data/PlaybackEngines/WindowsStandaloneSupport/UnityEditor.WindowsStandalone.Extensions.dll
Registered in 0.001636 seconds.
Native extension for WindowsStandalone target not found
Refreshing native plugins compatible for Editor in 39.54 ms, found 0 plugins.
Preloading 0 native plugins for Editor in 0.00 ms.
Invoked RoslynAnalysisRunner static constructor.
RoslynAnalysisRunner will not be running.
RoslynAnalysisRunner has terminated.
Mono: successfully reloaded assembly
- Completed reload, in  1.463 seconds
Platform modules already initialized, skipping
Registering precompiled user dll's ...
Registered in 0.002831 seconds.
Begin MonoManager ReloadAssembly
Native extension for WindowsStandalone target not found
Refreshing native plugins compatible for Editor in 0.41 ms, found 0 plugins.
Preloading 0 native plugins for Editor in 0.00 ms.
Invoked RoslynAnalysisRunner static constructor.
RoslynAnalysisRunner will not be running.
RoslynAnalysisRunner has terminated.
Mono: successfully reloaded assembly
- Completed reload, in  0.879 seconds
Platform modules already initialized, skipping
========================================================================
Worker process is ready to serve import requests
Launched and connected shader compiler UnityShaderCompiler.exe after 0.03 seconds
Refreshing native plugins compatible for Editor in 0.70 ms, found 0 plugins.
Preloading 0 native plugins for Editor in 0.00 ms.
Unloading 1843 Unused Serialized files (Serialized files now loaded: 0)
System memory in use before: 81.4 MB.
System memory in use after: 81.5 MB.

Unloading 35 unused Assets to reduce memory usage. Loaded Objects now: 2280.
Total: 2.067500 ms (FindLiveObjects: 0.248100 ms CreateObjectMapping: 0.073900 ms MarkObjects: 1.688000 ms  DeleteObjects: 0.056300 ms)

========================================================================
Received Import Request.
  path: Assets/Scripts/UI/UIObjectTracker.cs
  artifactKey: Guid(d77d6289d86af974898cc44cde875d84) Importer(815301076,1909f56bfc062723c751e8b465ee728b)
Start importing Assets/Scripts/UI/UIObjectTracker.cs using Guid(d77d6289d86af974898cc44cde875d84) Importer(815301076,1909f56bfc062723c751e8b465ee728b)  -> (artifact id: '7a5779a094b536e7bc18fa206616c35c') in 0.030645 seconds
  Import took 0.033768 seconds .

========================================================================
Received Prepare
Registering precompiled user dll's ...
Registered in 0.002885 seconds.
Begin MonoManager ReloadAssembly
Native extension for WindowsStandalone target not found
Refreshing native plugins compatible for Editor in 0.40 ms, found 0 plugins.
Preloading 0 native plugins for Editor in 0.00 ms.
Invoked RoslynAnalysisRunner static constructor.
RoslynAnalysisRunner will not be running.
RoslynAnalysisRunner has terminated.
Mono: successfully reloaded assembly
- Completed reload, in  0.824 seconds
Platform modules already initialized, skipping
Refreshing native plugins compatible for Editor in 0.43 ms, found 0 plugins.
Preloading 0 native plugins for Editor in 0.00 ms.
Unloading 1811 Unused Serialized files (Serialized files now loaded: 0)
System memory in use before: 80.4 MB.
System memory in use after: 80.5 MB.

Unloading 26 unused Assets to reduce memory usage. Loaded Objects now: 2282.
Total: 2.084100 ms (FindLiveObjects: 0.172400 ms CreateObjectMapping: 0.069100 ms MarkObjects: 1.823900 ms  DeleteObjects: 0.018100 ms)

========================================================================
Received Import Request.
  Time since last request: 82.085103 seconds.
  path: Assets/Scripts/UI/UIObjectTracker.cs
  artifactKey: Guid(d77d6289d86af974898cc44cde875d84) Importer(815301076,1909f56bfc062723c751e8b465ee728b)
Start importing Assets/Scripts/UI/UIObjectTracker.cs using Guid(d77d6289d86af974898cc44cde875d84) Importer(815301076,1909f56bfc062723c751e8b465ee728b)  -> (artifact id: '95c4aa0cead3d5d027faa1e923b382f5') in 0.005301 seconds
  Import took 0.007714 seconds .

========================================================================
Received Prepare
Registering precompiled user dll's ...
Registered in 0.002655 seconds.
Begin MonoManager ReloadAssembly
Native extension for WindowsStandalone target not found
Refreshing native plugins compatible for Editor in 0.40 ms, found 0 plugins.
Preloading 0 native plugins for Editor in 0.00 ms.
Invoked RoslynAnalysisRunner static constructor.
RoslynAnalysisRunner will not be running.
RoslynAnalysisRunner has terminated.
Mono: successfully reloaded assembly
- Completed reload, in  0.819 seconds
Platform modules already initialized, skipping
Refreshing native plugins compatible for Editor in 0.46 ms, found 0 plugins.
Preloading 0 native plugins for Editor in 0.00 ms.
Unloading 1811 Unused Serialized files (Serialized files now loaded: 0)
System memory in use before: 80.6 MB.
System memory in use after: 80.7 MB.

Unloading 26 unused Assets to reduce memory usage. Loaded Objects now: 2284.
Total: 2.097600 ms (FindLiveObjects: 0.175800 ms CreateObjectMapping: 0.064000 ms MarkObjects: 1.840100 ms  DeleteObjects: 0.016900 ms)

========================================================================
Received Import Request.
  Time since last request: 26.780121 seconds.
  path: Assets/Prefabs/UI/ResoruceTrackerElement.prefab
  artifactKey: Guid(972249d2b5809204c9a86f40c5564336) Importer(815301076,1909f56bfc062723c751e8b465ee728b)
Start importing Assets/Prefabs/UI/ResoruceTrackerElement.prefab using Guid(972249d2b5809204c9a86f40c5564336) Importer(815301076,1909f56bfc062723c751e8b465ee728b)  -> (artifact id: '09a84e6c4d3e3ba1dd8899690f5f7be4') in 0.094194 seconds
  Import took 0.097547 seconds .

========================================================================
Received Import Request.
  Time since last request: 0.117186 seconds.
  path: Assets/Prefabs/UI/ResoruceTrackerElement.prefab
  artifactKey: Guid(972249d2b5809204c9a86f40c5564336) Importer(815301076,1909f56bfc062723c751e8b465ee728b)
Start importing Assets/Prefabs/UI/ResoruceTrackerElement.prefab using Guid(972249d2b5809204c9a86f40c5564336) Importer(815301076,1909f56bfc062723c751e8b465ee728b)  -> (artifact id: '09a84e6c4d3e3ba1dd8899690f5f7be4') in 0.028606 seconds
  Import took 0.031221 seconds .

========================================================================
Received Import Request.
  Time since last request: 1.869685 seconds.
  path: Assets/Prefabs/UI/ResourceNotification.prefab
  artifactKey: Guid(e30e9340ae7de164f93d92a455f8acc5) Importer(815301076,1909f56bfc062723c751e8b465ee728b)
Start importing Assets/Prefabs/UI/ResourceNotification.prefab using Guid(e30e9340ae7de164f93d92a455f8acc5) Importer(815301076,1909f56bfc062723c751e8b465ee728b)  -> (artifact id: '7c2a021c722227ce0bd385a620ecceb8') in 0.009103 seconds
  Import took 0.012176 seconds .

========================================================================
Received Import Request.
  Time since last request: 0.015583 seconds.
  path: Assets/Prefabs/UI/ResourceNotification.prefab
  artifactKey: Guid(e30e9340ae7de164f93d92a455f8acc5) Importer(815301076,1909f56bfc062723c751e8b465ee728b)
Start importing Assets/Prefabs/UI/ResourceNotification.prefab using Guid(e30e9340ae7de164f93d92a455f8acc5) Importer(815301076,1909f56bfc062723c751e8b465ee728b)  -> (artifact id: '7c2a021c722227ce0bd385a620ecceb8') in 0.004698 seconds
  Import took 0.007410 seconds .

========================================================================
Received Prepare
Registering precompiled user dll's ...
Registered in 0.002687 seconds.
Begin MonoManager ReloadAssembly
Native extension for WindowsStandalone target not found
Refreshing native plugins compatible for Editor in 0.41 ms, found 0 plugins.
Preloading 0 native plugins for Editor in 0.00 ms.
Invoked RoslynAnalysisRunner static constructor.
RoslynAnalysisRunner will not be running.
RoslynAnalysisRunner has terminated.
Mono: successfully reloaded assembly
- Completed reload, in  0.804 seconds
Platform modules already initialized, skipping
Refreshing native plugins compatible for Editor in 0.44 ms, found 0 plugins.
Preloading 0 native plugins for Editor in 0.00 ms.
Unloading 1811 Unused Serialized files (Serialized files now loaded: 0)
System memory in use before: 81.6 MB.
System memory in use after: 81.7 MB.

Unloading 27 unused Assets to reduce memory usage. Loaded Objects now: 2286.
Total: 1.720000 ms (FindLiveObjects: 0.179900 ms CreateObjectMapping: 0.062600 ms MarkObjects: 1.455300 ms  DeleteObjects: 0.021100 ms)

========================================================================
Received Prepare
Registering precompiled user dll's ...
Registered in 0.002752 seconds.
Begin MonoManager ReloadAssembly
Native extension for WindowsStandalone target not found
Refreshing native plugins compatible for Editor in 0.41 ms, found 0 plugins.
Preloading 0 native plugins for Editor in 0.00 ms.
Invoked RoslynAnalysisRunner static constructor.
RoslynAnalysisRunner will not be running.
RoslynAnalysisRunner has terminated.
Mono: successfully reloaded assembly
- Completed reload, in  0.892 seconds
Platform modules already initialized, skipping
Refreshing native plugins compatible for Editor in 0.41 ms, found 0 plugins.
Preloading 0 native plugins for Editor in 0.00 ms.
Unloading 1811 Unused Serialized files (Serialized files now loaded: 0)
System memory in use before: 82.0 MB.
System memory in use after: 82.1 MB.

Unloading 26 unused Assets to reduce memory usage. Loaded Objects now: 2288.
Total: 2.292700 ms (FindLiveObjects: 0.190100 ms CreateObjectMapping: 0.060000 ms MarkObjects: 2.023700 ms  DeleteObjects: 0.018200 ms)

========================================================================
Received Prepare
Registering precompiled user dll's ...
Registered in 0.002692 seconds.
Begin MonoManager ReloadAssembly
Native extension for WindowsStandalone target not found
Refreshing native plugins compatible for Editor in 0.41 ms, found 0 plugins.
Preloading 0 native plugins for Editor in 0.00 ms.
Invoked RoslynAnalysisRunner static constructor.
RoslynAnalysisRunner will not be running.
RoslynAnalysisRunner has terminated.
Mono: successfully reloaded assembly
- Completed reload, in  0.816 seconds
Platform modules already initialized, skipping
Refreshing native plugins compatible for Editor in 0.44 ms, found 0 plugins.
Preloading 0 native plugins for Editor in 0.00 ms.
Unloading 1811 Unused Serialized files (Serialized files now loaded: 0)
System memory in use before: 81.4 MB.
System memory in use after: 81.5 MB.

Unloading 26 unused Assets to reduce memory usage. Loaded Objects now: 2290.
Total: 1.867100 ms (FindLiveObjects: 0.166500 ms CreateObjectMapping: 0.048300 ms MarkObjects: 1.636200 ms  DeleteObjects: 0.015400 ms)

========================================================================
Received Prepare
Registering precompiled user dll's ...
Registered in 0.002847 seconds.
Begin MonoManager ReloadAssembly
Native extension for WindowsStandalone target not found
Refreshing native plugins compatible for Editor in 0.41 ms, found 0 plugins.
Preloading 0 native plugins for Editor in 0.00 ms.
Invoked RoslynAnalysisRunner static constructor.
RoslynAnalysisRunner will not be running.
RoslynAnalysisRunner has terminated.
Mono: successfully reloaded assembly
- Completed reload, in  0.811 seconds
Platform modules already initialized, skipping
Refreshing native plugins compatible for Editor in 0.45 ms, found 0 plugins.
Preloading 0 native plugins for Editor in 0.00 ms.
Unloading 1811 Unused Serialized files (Serialized files now loaded: 0)
System memory in use before: 81.8 MB.
System memory in use after: 82.0 MB.

Unloading 26 unused Assets to reduce memory usage. Loaded Objects now: 2292.
Total: 1.673300 ms (FindLiveObjects: 0.166400 ms CreateObjectMapping: 0.047900 ms MarkObjects: 1.439600 ms  DeleteObjects: 0.018200 ms)

========================================================================
Received Prepare
Registering precompiled user dll's ...
Registered in 0.002693 seconds.
Begin MonoManager ReloadAssembly
Native extension for WindowsStandalone target not found
Refreshing native plugins compatible for Editor in 0.41 ms, found 0 plugins.
Preloading 0 native plugins for Editor in 0.00 ms.
Invoked RoslynAnalysisRunner static constructor.
RoslynAnalysisRunner will not be running.
RoslynAnalysisRunner has terminated.
Mono: successfully reloaded assembly
- Completed reload, in  0.799 seconds
Platform modules already initialized, skipping
Refreshing native plugins compatible for Editor in 0.48 ms, found 0 plugins.
Preloading 0 native plugins for Editor in 0.00 ms.
Unloading 1811 Unused Serialized files (Serialized files now loaded: 0)
System memory in use before: 82.0 MB.
System memory in use after: 82.1 MB.

Unloading 26 unused Assets to reduce memory usage. Loaded Objects now: 2294.
Total: 2.250100 ms (FindLiveObjects: 0.174300 ms CreateObjectMapping: 0.073100 ms MarkObjects: 1.978700 ms  DeleteObjects: 0.022700 ms)

========================================================================
Received Prepare
Registering precompiled user dll's ...
Registered in 0.002721 seconds.
Begin MonoManager ReloadAssembly
Native extension for WindowsStandalone target not found
Refreshing native plugins compatible for Editor in 0.42 ms, found 0 plugins.
Preloading 0 native plugins for Editor in 0.00 ms.
Invoked RoslynAnalysisRunner static constructor.
RoslynAnalysisRunner will not be running.
RoslynAnalysisRunner has terminated.
Mono: successfully reloaded assembly
- Completed reload, in  0.918 seconds
Platform modules already initialized, skipping
Refreshing native plugins compatible for Editor in 0.42 ms, found 0 plugins.
Preloading 0 native plugins for Editor in 0.00 ms.
Unloading 1811 Unused Serialized files (Serialized files now loaded: 0)
System memory in use before: 81.7 MB.
System memory in use after: 81.8 MB.

Unloading 26 unused Assets to reduce memory usage. Loaded Objects now: 2296.
Total: 2.131500 ms (FindLiveObjects: 0.296900 ms CreateObjectMapping: 0.100900 ms MarkObjects: 1.712000 ms  DeleteObjects: 0.020600 ms)

========================================================================
Received Prepare
Registering precompiled user dll's ...
Registered in 0.002590 seconds.
Begin MonoManager ReloadAssembly
Native extension for WindowsStandalone target not found
Refreshing native plugins compatible for Editor in 0.42 ms, found 0 plugins.
Preloading 0 native plugins for Editor in 0.00 ms.
Invoked RoslynAnalysisRunner static constructor.
RoslynAnalysisRunner will not be running.
RoslynAnalysisRunner has terminated.
Mono: successfully reloaded assembly
- Completed reload, in  0.800 seconds
Platform modules already initialized, skipping
Refreshing native plugins compatible for Editor in 0.44 ms, found 0 plugins.
Preloading 0 native plugins for Editor in 0.00 ms.
Unloading 1811 Unused Serialized files (Serialized files now loaded: 0)
System memory in use before: 82.0 MB.
System memory in use after: 82.1 MB.

Unloading 26 unused Assets to reduce memory usage. Loaded Objects now: 2298.
Total: 1.938500 ms (FindLiveObjects: 0.160500 ms CreateObjectMapping: 0.063900 ms MarkObjects: 1.696400 ms  DeleteObjects: 0.016500 ms)

========================================================================
Received Prepare
Registering precompiled user dll's ...
Registered in 0.002558 seconds.
Begin MonoManager ReloadAssembly
Native extension for WindowsStandalone target not found
Refreshing native plugins compatible for Editor in 0.41 ms, found 0 plugins.
Preloading 0 native plugins for Editor in 0.00 ms.
Invoked RoslynAnalysisRunner static constructor.
RoslynAnalysisRunner will not be running.
RoslynAnalysisRunner has terminated.
Mono: successfully reloaded assembly
- Completed reload, in  0.831 seconds
Platform modules already initialized, skipping
Refreshing native plugins compatible for Editor in 0.48 ms, found 0 plugins.
Preloading 0 native plugins for Editor in 0.00 ms.
Unloading 1811 Unused Serialized files (Serialized files now loaded: 0)
System memory in use before: 81.5 MB.
System memory in use after: 81.6 MB.

Unloading 26 unused Assets to reduce memory usage. Loaded Objects now: 2300.
Total: 2.118900 ms (FindLiveObjects: 0.264700 ms CreateObjectMapping: 0.094800 ms MarkObjects: 1.738200 ms  DeleteObjects: 0.020000 ms)

========================================================================
Received Prepare
Registering precompiled user dll's ...
Registered in 0.003156 seconds.
Begin MonoManager ReloadAssembly
Native extension for WindowsStandalone target not found
Refreshing native plugins compatible for Editor in 0.55 ms, found 0 plugins.
Preloading 0 native plugins for Editor in 0.00 ms.
Invoked RoslynAnalysisRunner static constructor.
RoslynAnalysisRunner will not be running.
RoslynAnalysisRunner has terminated.
Mono: successfully reloaded assembly
- Completed reload, in  0.850 seconds
Platform modules already initialized, skipping
Refreshing native plugins compatible for Editor in 0.43 ms, found 0 plugins.
Preloading 0 native plugins for Editor in 0.00 ms.
Unloading 1811 Unused Serialized files (Serialized files now loaded: 0)
System memory in use before: 81.9 MB.
System memory in use after: 82.0 MB.

Unloading 26 unused Assets to reduce memory usage. Loaded Objects now: 2302.
Total: 2.241900 ms (FindLiveObjects: 0.198800 ms CreateObjectMapping: 0.074100 ms MarkObjects: 1.948700 ms  DeleteObjects: 0.019500 ms)

========================================================================
Received Prepare
Registering precompiled user dll's ...
Registered in 0.002815 seconds.
Begin MonoManager ReloadAssembly
Native extension for WindowsStandalone target not found
Refreshing native plugins compatible for Editor in 0.42 ms, found 0 plugins.
Preloading 0 native plugins for Editor in 0.00 ms.
Invoked RoslynAnalysisRunner static constructor.
RoslynAnalysisRunner will not be running.
RoslynAnalysisRunner has terminated.
Mono: successfully reloaded assembly
- Completed reload, in  0.841 seconds
Platform modules already initialized, skipping
Refreshing native plugins compatible for Editor in 0.53 ms, found 0 plugins.
Preloading 0 native plugins for Editor in 0.00 ms.
Unloading 1811 Unused Serialized files (Serialized files now loaded: 0)
System memory in use before: 82.0 MB.
System memory in use after: 82.2 MB.

Unloading 26 unused Assets to reduce memory usage. Loaded Objects now: 2304.
Total: 1.880300 ms (FindLiveObjects: 0.223200 ms CreateObjectMapping: 0.047700 ms MarkObjects: 1.592600 ms  DeleteObjects: 0.015900 ms)

========================================================================
Received Prepare
Registering precompiled user dll's ...
Registered in 0.002714 seconds.
Begin MonoManager ReloadAssembly
Native extension for WindowsStandalone target not found
Refreshing native plugins compatible for Editor in 0.41 ms, found 0 plugins.
Preloading 0 native plugins for Editor in 0.00 ms.
Invoked RoslynAnalysisRunner static constructor.
RoslynAnalysisRunner will not be running.
RoslynAnalysisRunner has terminated.
Mono: successfully reloaded assembly
- Completed reload, in  0.824 seconds
Platform modules already initialized, skipping
Refreshing native plugins compatible for Editor in 0.44 ms, found 0 plugins.
Preloading 0 native plugins for Editor in 0.00 ms.
Unloading 1811 Unused Serialized files (Serialized files now loaded: 0)
System memory in use before: 81.7 MB.
System memory in use after: 81.8 MB.

Unloading 26 unused Assets to reduce memory usage. Loaded Objects now: 2306.
Total: 1.993700 ms (FindLiveObjects: 0.176700 ms CreateObjectMapping: 0.057800 ms MarkObjects: 1.740000 ms  DeleteObjects: 0.018600 ms)

========================================================================
Received Import Request.
  Time since last request: 842.376489 seconds.
  path: Assets/DataAssets/Items/Lumber.asset
  artifactKey: Guid(95f598432a2282d4482ae7f7f700e19a) Importer(815301076,1909f56bfc062723c751e8b465ee728b)
Start importing Assets/DataAssets/Items/Lumber.asset using Guid(95f598432a2282d4482ae7f7f700e19a) Importer(815301076,1909f56bfc062723c751e8b465ee728b)  -> (artifact id: '3a5743e437741a062ba9c8831c790179') in 0.017201 seconds
  Import took 0.020018 seconds .

========================================================================
Received Import Request.
  Time since last request: 0.130376 seconds.
  path: Assets/DataAssets/Items/Lumber.asset
  artifactKey: Guid(95f598432a2282d4482ae7f7f700e19a) Importer(815301076,1909f56bfc062723c751e8b465ee728b)
Start importing Assets/DataAssets/Items/Lumber.asset using Guid(95f598432a2282d4482ae7f7f700e19a) Importer(815301076,1909f56bfc062723c751e8b465ee728b)  -> (artifact id: '3a5743e437741a062ba9c8831c790179') in 0.003904 seconds
  Import took 0.006539 seconds .

========================================================================
Received Import Request.
  Time since last request: 35.534501 seconds.
  path: Assets/Graphics/Resources_moved/Icons/Placeholders/sword.png
  artifactKey: Guid(5b9ba4ffa183a99458fc263d9ed49c65) Importer(815301076,1909f56bfc062723c751e8b465ee728b)
Start importing Assets/Graphics/Resources_moved/Icons/Placeholders/sword.png using Guid(5b9ba4ffa183a99458fc263d9ed49c65) Importer(815301076,1909f56bfc062723c751e8b465ee728b)  -> (artifact id: 'e65cd1af9d95dcfa2bdf0893c869dc6f') in 0.099638 seconds
  Import took 0.102473 seconds .

========================================================================
Received Import Request.
  Time since last request: 29.588518 seconds.
  path: Assets/DataAssets/Items/Stone.asset
  artifactKey: Guid(d4b80ef9c8b013e499184978173de438) Importer(815301076,1909f56bfc062723c751e8b465ee728b)
Start importing Assets/DataAssets/Items/Stone.asset using Guid(d4b80ef9c8b013e499184978173de438) Importer(815301076,1909f56bfc062723c751e8b465ee728b)  -> (artifact id: '88f06563637bda2d47e1979f2f608f4a') in 0.007242 seconds
  Import took 0.010405 seconds .

========================================================================
Received Prepare
Registering precompiled user dll's ...
Registered in 0.002901 seconds.
Begin MonoManager ReloadAssembly
Native extension for WindowsStandalone target not found
Refreshing native plugins compatible for Editor in 0.40 ms, found 0 plugins.
Preloading 0 native plugins for Editor in 0.00 ms.
Invoked RoslynAnalysisRunner static constructor.
RoslynAnalysisRunner will not be running.
RoslynAnalysisRunner has terminated.
Mono: successfully reloaded assembly
- Completed reload, in  0.780 seconds
Platform modules already initialized, skipping
Refreshing native plugins compatible for Editor in 0.45 ms, found 0 plugins.
Preloading 0 native plugins for Editor in 0.00 ms.
Unloading 1811 Unused Serialized files (Serialized files now loaded: 0)
System memory in use before: 85.2 MB.
System memory in use after: 85.3 MB.

Unloading 26 unused Assets to reduce memory usage. Loaded Objects now: 2315.
Total: 2.018200 ms (FindLiveObjects: 0.238300 ms CreateObjectMapping: 0.066400 ms MarkObjects: 1.694800 ms  DeleteObjects: 0.016600 ms)

========================================================================
Received Prepare
Registering precompiled user dll's ...
Registered in 0.002625 seconds.
Begin MonoManager ReloadAssembly
Native extension for WindowsStandalone target not found
Refreshing native plugins compatible for Editor in 0.41 ms, found 0 plugins.
Preloading 0 native plugins for Editor in 0.00 ms.
Invoked RoslynAnalysisRunner static constructor.
RoslynAnalysisRunner will not be running.
RoslynAnalysisRunner has terminated.
Mono: successfully reloaded assembly
- Completed reload, in  0.838 seconds
Platform modules already initialized, skipping
Refreshing native plugins compatible for Editor in 0.45 ms, found 0 plugins.
Preloading 0 native plugins for Editor in 0.00 ms.
Unloading 1811 Unused Serialized files (Serialized files now loaded: 0)
System memory in use before: 84.6 MB.
System memory in use after: 84.7 MB.

Unloading 26 unused Assets to reduce memory usage. Loaded Objects now: 2317.
Total: 1.966700 ms (FindLiveObjects: 0.193900 ms CreateObjectMapping: 0.073000 ms MarkObjects: 1.681700 ms  DeleteObjects: 0.017300 ms)

========================================================================
Received Prepare
Registering precompiled user dll's ...
Registered in 0.003900 seconds.
Begin MonoManager ReloadAssembly
Native extension for WindowsStandalone target not found
Refreshing native plugins compatible for Editor in 0.44 ms, found 0 plugins.
Preloading 0 native plugins for Editor in 0.00 ms.
Invoked RoslynAnalysisRunner static constructor.
RoslynAnalysisRunner will not be running.
RoslynAnalysisRunner has terminated.
Mono: successfully reloaded assembly
- Completed reload, in  0.839 seconds
Platform modules already initialized, skipping
Refreshing native plugins compatible for Editor in 0.44 ms, found 0 plugins.
Preloading 0 native plugins for Editor in 0.00 ms.
Unloading 1811 Unused Serialized files (Serialized files now loaded: 0)
System memory in use before: 85.0 MB.
System memory in use after: 85.1 MB.

Unloading 26 unused Assets to reduce memory usage. Loaded Objects now: 2319.
Total: 1.931000 ms (FindLiveObjects: 0.172800 ms CreateObjectMapping: 0.066200 ms MarkObjects: 1.674200 ms  DeleteObjects: 0.017100 ms)

========================================================================
Received Prepare
Registering precompiled user dll's ...
Registered in 0.003119 seconds.
Begin MonoManager ReloadAssembly
Native extension for WindowsStandalone target not found
Refreshing native plugins compatible for Editor in 0.43 ms, found 0 plugins.
Preloading 0 native plugins for Editor in 0.00 ms.
Invoked RoslynAnalysisRunner static constructor.
RoslynAnalysisRunner will not be running.
RoslynAnalysisRunner has terminated.
Mono: successfully reloaded assembly
- Completed reload, in  0.828 seconds
Platform modules already initialized, skipping
Refreshing native plugins compatible for Editor in 0.43 ms, found 0 plugins.
Preloading 0 native plugins for Editor in 0.00 ms.
Unloading 1811 Unused Serialized files (Serialized files now loaded: 0)
System memory in use before: 85.2 MB.
System memory in use after: 85.3 MB.

Unloading 26 unused Assets to reduce memory usage. Loaded Objects now: 2321.
Total: 2.064300 ms (FindLiveObjects: 0.235100 ms CreateObjectMapping: 0.059000 ms MarkObjects: 1.752800 ms  DeleteObjects: 0.016600 ms)

========================================================================
Received Prepare
Registering precompiled user dll's ...
Registered in 0.004009 seconds.
Begin MonoManager ReloadAssembly
Native extension for WindowsStandalone target not found
Refreshing native plugins compatible for Editor in 0.42 ms, found 0 plugins.
Preloading 0 native plugins for Editor in 0.00 ms.
Invoked RoslynAnalysisRunner static constructor.
RoslynAnalysisRunner will not be running.
RoslynAnalysisRunner has terminated.
Mono: successfully reloaded assembly
- Completed reload, in  0.827 seconds
Platform modules already initialized, skipping
Refreshing native plugins compatible for Editor in 0.41 ms, found 0 plugins.
Preloading 0 native plugins for Editor in 0.00 ms.
Unloading 1811 Unused Serialized files (Serialized files now loaded: 0)
System memory in use before: 84.9 MB.
System memory in use after: 85.0 MB.

Unloading 26 unused Assets to reduce memory usage. Loaded Objects now: 2323.
Total: 2.062100 ms (FindLiveObjects: 0.170900 ms CreateObjectMapping: 0.063500 ms MarkObjects: 1.810300 ms  DeleteObjects: 0.016600 ms)

========================================================================
Received Import Request.
  Time since last request: 410.740301 seconds.
  path: Assets/Prefabs/Buildings/pref_building_tavern.prefab
  artifactKey: Guid(8a4e36bea94d6214597e736b7cc7ea82) Importer(815301076,1909f56bfc062723c751e8b465ee728b)
Start importing Assets/Prefabs/Buildings/pref_building_tavern.prefab using Guid(8a4e36bea94d6214597e736b7cc7ea82) Importer(815301076,1909f56bfc062723c751e8b465ee728b)  -> (artifact id: '66c5330dee839f38103a133620755ade') in 0.072352 seconds
  Import took 0.075402 seconds .

========================================================================
Received Import Request.
  Time since last request: 0.117395 seconds.
  path: Assets/Prefabs/Buildings/pref_building_tavern.prefab
  artifactKey: Guid(8a4e36bea94d6214597e736b7cc7ea82) Importer(815301076,1909f56bfc062723c751e8b465ee728b)
Start importing Assets/Prefabs/Buildings/pref_building_tavern.prefab using Guid(8a4e36bea94d6214597e736b7cc7ea82) Importer(815301076,1909f56bfc062723c751e8b465ee728b)  -> (artifact id: '66c5330dee839f38103a133620755ade') in 0.016109 seconds
  Import took 0.019230 seconds .

========================================================================
Received Prepare
Registering precompiled user dll's ...
Registered in 0.002527 seconds.
Begin MonoManager ReloadAssembly
Native extension for WindowsStandalone target not found
Refreshing native plugins compatible for Editor in 0.40 ms, found 0 plugins.
Preloading 0 native plugins for Editor in 0.00 ms.
Invoked RoslynAnalysisRunner static constructor.
RoslynAnalysisRunner will not be running.
RoslynAnalysisRunner has terminated.
Mono: successfully reloaded assembly
- Completed reload, in  0.842 seconds
Platform modules already initialized, skipping
Refreshing native plugins compatible for Editor in 0.41 ms, found 0 plugins.
Preloading 0 native plugins for Editor in 0.00 ms.
Unloading 1811 Unused Serialized files (Serialized files now loaded: 0)
System memory in use before: 85.2 MB.
System memory in use after: 85.3 MB.

Unloading 26 unused Assets to reduce memory usage. Loaded Objects now: 2329.
Total: 2.192000 ms (FindLiveObjects: 0.183700 ms CreateObjectMapping: 0.068700 ms MarkObjects: 1.918400 ms  DeleteObjects: 0.020300 ms)

========================================================================
Received Prepare
Registering precompiled user dll's ...
Registered in 0.002772 seconds.
Begin MonoManager ReloadAssembly
Native extension for WindowsStandalone target not found
Refreshing native plugins compatible for Editor in 0.41 ms, found 0 plugins.
Preloading 0 native plugins for Editor in 0.00 ms.
Invoked RoslynAnalysisRunner static constructor.
RoslynAnalysisRunner will not be running.
RoslynAnalysisRunner has terminated.
Mono: successfully reloaded assembly
- Completed reload, in  0.813 seconds
Platform modules already initialized, skipping
Refreshing native plugins compatible for Editor in 0.52 ms, found 0 plugins.
Preloading 0 native plugins for Editor in 0.00 ms.
Unloading 1811 Unused Serialized files (Serialized files now loaded: 0)
System memory in use before: 84.7 MB.
System memory in use after: 84.8 MB.

Unloading 26 unused Assets to reduce memory usage. Loaded Objects now: 2331.
Total: 2.262800 ms (FindLiveObjects: 0.296600 ms CreateObjectMapping: 0.105300 ms MarkObjects: 1.842700 ms  DeleteObjects: 0.017600 ms)

========================================================================
Received Prepare
Registering precompiled user dll's ...
Registered in 0.003304 seconds.
Begin MonoManager ReloadAssembly
Native extension for WindowsStandalone target not found
Refreshing native plugins compatible for Editor in 0.45 ms, found 0 plugins.
Preloading 0 native plugins for Editor in 0.00 ms.
Invoked RoslynAnalysisRunner static constructor.
RoslynAnalysisRunner will not be running.
RoslynAnalysisRunner has terminated.
Mono: successfully reloaded assembly
- Completed reload, in  0.834 seconds
Platform modules already initialized, skipping
Refreshing native plugins compatible for Editor in 0.43 ms, found 0 plugins.
Preloading 0 native plugins for Editor in 0.00 ms.
Unloading 1811 Unused Serialized files (Serialized files now loaded: 0)
System memory in use before: 85.1 MB.
System memory in use after: 85.3 MB.

Unloading 26 unused Assets to reduce memory usage. Loaded Objects now: 2333.
Total: 1.989000 ms (FindLiveObjects: 0.191200 ms CreateObjectMapping: 0.067600 ms MarkObjects: 1.711800 ms  DeleteObjects: 0.016400 ms)

========================================================================
Received Prepare
Registering precompiled user dll's ...
Registered in 0.002701 seconds.
Begin MonoManager ReloadAssembly
Native extension for WindowsStandalone target not found
Refreshing native plugins compatible for Editor in 0.42 ms, found 0 plugins.
Preloading 0 native plugins for Editor in 0.00 ms.
Invoked RoslynAnalysisRunner static constructor.
RoslynAnalysisRunner will not be running.
RoslynAnalysisRunner has terminated.
Mono: successfully reloaded assembly
- Completed reload, in  0.821 seconds
Platform modules already initialized, skipping
Refreshing native plugins compatible for Editor in 0.42 ms, found 0 plugins.
Preloading 0 native plugins for Editor in 0.00 ms.
Unloading 1811 Unused Serialized files (Serialized files now loaded: 0)
System memory in use before: 85.3 MB.
System memory in use after: 85.4 MB.

Unloading 26 unused Assets to reduce memory usage. Loaded Objects now: 2335.
Total: 2.226800 ms (FindLiveObjects: 0.365900 ms CreateObjectMapping: 0.139500 ms MarkObjects: 1.699000 ms  DeleteObjects: 0.020400 ms)

========================================================================
Received Prepare
Registering precompiled user dll's ...
Registered in 0.003157 seconds.
Begin MonoManager ReloadAssembly
Native extension for WindowsStandalone target not found
Refreshing native plugins compatible for Editor in 0.50 ms, found 0 plugins.
Preloading 0 native plugins for Editor in 0.00 ms.
Invoked RoslynAnalysisRunner static constructor.
RoslynAnalysisRunner will not be running.
RoslynAnalysisRunner has terminated.
Mono: successfully reloaded assembly
- Completed reload, in  0.826 seconds
Platform modules already initialized, skipping
Refreshing native plugins compatible for Editor in 0.49 ms, found 0 plugins.
Preloading 0 native plugins for Editor in 0.00 ms.
Unloading 1811 Unused Serialized files (Serialized files now loaded: 0)
System memory in use before: 85.0 MB.
System memory in use after: 85.1 MB.

Unloading 26 unused Assets to reduce memory usage. Loaded Objects now: 2337.
Total: 2.026600 ms (FindLiveObjects: 0.189700 ms CreateObjectMapping: 0.071600 ms MarkObjects: 1.744500 ms  DeleteObjects: 0.019900 ms)

========================================================================
Received Import Request.
  Time since last request: 219.214251 seconds.
  path: Assets/Graphics/Resources_moved
  artifactKey: Guid(3fc1d3ffa016ac449a91f64fe5b2d3b2) Importer(815301076,1909f56bfc062723c751e8b465ee728b)
Start importing Assets/Graphics/Resources_moved using Guid(3fc1d3ffa016ac449a91f64fe5b2d3b2) Importer(815301076,1909f56bfc062723c751e8b465ee728b)  -> (artifact id: '5c12466831ab8770a97c4640f578e459') in 0.010893 seconds
  Import took 0.014569 seconds .

========================================================================
Received Import Request.
  Time since last request: 0.000992 seconds.
  path: Assets/Graphics/Resources_moved
  artifactKey: Guid(3fc1d3ffa016ac449a91f64fe5b2d3b2) Importer(815301076,1909f56bfc062723c751e8b465ee728b)
Start importing Assets/Graphics/Resources_moved using Guid(3fc1d3ffa016ac449a91f64fe5b2d3b2) Importer(815301076,1909f56bfc062723c751e8b465ee728b)  -> (artifact id: '5c12466831ab8770a97c4640f578e459') in 0.003769 seconds
  Import took 0.007281 seconds .

========================================================================
Received Prepare
Registering precompiled user dll's ...
Registered in 0.002932 seconds.
Begin MonoManager ReloadAssembly
Native extension for WindowsStandalone target not found
Refreshing native plugins compatible for Editor in 0.45 ms, found 0 plugins.
Preloading 0 native plugins for Editor in 0.00 ms.
Invoked RoslynAnalysisRunner static constructor.
RoslynAnalysisRunner will not be running.
RoslynAnalysisRunner has terminated.
Mono: successfully reloaded assembly
- Completed reload, in  0.854 seconds
Platform modules already initialized, skipping
Refreshing native plugins compatible for Editor in 0.43 ms, found 0 plugins.
Preloading 0 native plugins for Editor in 0.00 ms.
Unloading 1811 Unused Serialized files (Serialized files now loaded: 0)
System memory in use before: 85.3 MB.
System memory in use after: 85.4 MB.

Unloading 26 unused Assets to reduce memory usage. Loaded Objects now: 2339.
Total: 2.053100 ms (FindLiveObjects: 0.189700 ms CreateObjectMapping: 0.064200 ms MarkObjects: 1.775700 ms  DeleteObjects: 0.022300 ms)

========================================================================
Received Import Request.
  Time since last request: 44.393723 seconds.
  path: Assets/Graphics/Resources/Icons/Placeholders/gift box.png
  artifactKey: Guid(21923b0c94c10d64bab4c9f792f3580a) Importer(815301076,1909f56bfc062723c751e8b465ee728b)
Start importing Assets/Graphics/Resources/Icons/Placeholders/gift box.png using Guid(21923b0c94c10d64bab4c9f792f3580a) Importer(815301076,1909f56bfc062723c751e8b465ee728b)  -> (artifact id: 'da9091cf2299be3f6836b49c3a7098ca') in 0.056251 seconds
  Import took 0.059045 seconds .

========================================================================
Received Prepare
Registering precompiled user dll's ...
Registered in 0.002642 seconds.
Begin MonoManager ReloadAssembly
Native extension for WindowsStandalone target not found
Refreshing native plugins compatible for Editor in 0.41 ms, found 0 plugins.
Preloading 0 native plugins for Editor in 0.00 ms.
Invoked RoslynAnalysisRunner static constructor.
RoslynAnalysisRunner will not be running.
RoslynAnalysisRunner has terminated.
Mono: successfully reloaded assembly
- Completed reload, in  0.805 seconds
Platform modules already initialized, skipping
Refreshing native plugins compatible for Editor in 0.71 ms, found 0 plugins.
Preloading 0 native plugins for Editor in 0.00 ms.
Unloading 1811 Unused Serialized files (Serialized files now loaded: 0)
System memory in use before: 84.8 MB.
System memory in use after: 84.9 MB.

Unloading 26 unused Assets to reduce memory usage. Loaded Objects now: 2342.
Total: 2.147500 ms (FindLiveObjects: 0.159600 ms CreateObjectMapping: 0.058200 ms MarkObjects: 1.909000 ms  DeleteObjects: 0.019800 ms)

========================================================================
Received Prepare
Registering precompiled user dll's ...
Registered in 0.002943 seconds.
Begin MonoManager ReloadAssembly
Native extension for WindowsStandalone target not found
Refreshing native plugins compatible for Editor in 0.48 ms, found 0 plugins.
Preloading 0 native plugins for Editor in 0.00 ms.
Invoked RoslynAnalysisRunner static constructor.
RoslynAnalysisRunner will not be running.
RoslynAnalysisRunner has terminated.
Mono: successfully reloaded assembly
- Completed reload, in  0.830 seconds
Platform modules already initialized, skipping
Refreshing native plugins compatible for Editor in 0.43 ms, found 0 plugins.
Preloading 0 native plugins for Editor in 0.00 ms.
Unloading 1811 Unused Serialized files (Serialized files now loaded: 0)
System memory in use before: 85.2 MB.
System memory in use after: 85.3 MB.

Unloading 26 unused Assets to reduce memory usage. Loaded Objects now: 2344.
Total: 2.389700 ms (FindLiveObjects: 0.302900 ms CreateObjectMapping: 0.113400 ms MarkObjects: 1.951500 ms  DeleteObjects: 0.020600 ms)

