Using pre-set license
Built from '2020.2/release' branch; Version is '2020.2.0f1 (3721df5a8b28) revision 3613151'; Using compiler version '192528614'; Build Type 'Release'
OS: 'Windows 10  (10.0.0) 64bit' Language: 'en' Physical Memory: 32683 MB
BatchMode: 1, IsHumanControllingUs: 0, StartBugReporterOnCrash: 0, Is64bit: 1, IsPro: 0

 COMMAND LINE ARGUMENTS:
C:\Program Files\Unity\Hub\Editor\2020.2.0f1\Editor\Unity.exe
-adb2
-batchMode
-noUpm
-name
AssetImportWorker0
-projectPath
C:/Projects/ProjectLumber
-logFile
Logs/AssetImportWorker0.log
-srvPort
60752
Successfully changed project path to: C:/Projects/ProjectLumber
C:/Projects/ProjectLumber
Using Asset Import Pipeline V2.
Refreshing native plugins compatible for Editor in 30.45 ms, found 0 plugins.
Preloading 0 native plugins for Editor in 0.00 ms.
Initialize engine version: 2020.2.0f1 (3721df5a8b28)
[Subsystems] Discovering subsystems at path C:/Program Files/Unity/Hub/Editor/2020.2.0f1/Editor/Data/Resources/UnitySubsystems
[Subsystems] Discovering subsystems at path C:/Projects/ProjectLumber/Assets
GfxDevice: creating device client; threaded=0
Direct3D:
    Version:  Direct3D 11.0 [level 11.1]
    Renderer: NVIDIA GeForce GTX 1060 6GB (ID=0x1c03)
    Vendor:   
    VRAM:     6052 MB
    Driver:   27.21.14.6079
Initialize mono
Mono path[0] = 'C:/Program Files/Unity/Hub/Editor/2020.2.0f1/Editor/Data/Managed'
Mono path[1] = 'C:/Program Files/Unity/Hub/Editor/2020.2.0f1/Editor/Data/MonoBleedingEdge/lib/mono/unityjit'
Mono config path = 'C:/Program Files/Unity/Hub/Editor/2020.2.0f1/Editor/Data/MonoBleedingEdge/etc'
Using monoOptions --debugger-agent=transport=dt_socket,embedding=1,server=y,suspend=n,address=127.0.0.1:56904
Begin MonoManager ReloadAssembly
Registering precompiled unity dll's ...
Register platform support module: C:/Program Files/Unity/Hub/Editor/2020.2.0f1/Editor/Data/PlaybackEngines/WindowsStandaloneSupport/UnityEditor.WindowsStandalone.Extensions.dll
Registered in 0.001283 seconds.
Native extension for WindowsStandalone target not found
Refreshing native plugins compatible for Editor in 27.94 ms, found 0 plugins.
Preloading 0 native plugins for Editor in 0.00 ms.
Invoked RoslynAnalysisRunner static constructor.
RoslynAnalysisRunner will not be running.
RoslynAnalysisRunner has terminated.
Mono: successfully reloaded assembly
- Completed reload, in  0.913 seconds
Platform modules already initialized, skipping
Registering precompiled user dll's ...
Registered in 0.002648 seconds.
Begin MonoManager ReloadAssembly
Native extension for WindowsStandalone target not found
Refreshing native plugins compatible for Editor in 0.35 ms, found 0 plugins.
Preloading 0 native plugins for Editor in 0.00 ms.
Invoked RoslynAnalysisRunner static constructor.
RoslynAnalysisRunner will not be running.
RoslynAnalysisRunner has terminated.
Mono: successfully reloaded assembly
- Completed reload, in  0.863 seconds
Platform modules already initialized, skipping
========================================================================
Worker process is ready to serve import requests
Launched and connected shader compiler UnityShaderCompiler.exe after 0.03 seconds
Refreshing native plugins compatible for Editor in 0.58 ms, found 0 plugins.
Preloading 0 native plugins for Editor in 0.00 ms.
Unloading 1417 Unused Serialized files (Serialized files now loaded: 0)
System memory in use before: 67.2 MB.
System memory in use after: 67.3 MB.

Unloading 35 unused Assets to reduce memory usage. Loaded Objects now: 1850.
Total: 1.598667 ms (FindLiveObjects: 0.155606 ms CreateObjectMapping: 0.034571 ms MarkObjects: 1.355410 ms  DeleteObjects: 0.047352 ms)

========================================================================
Received Import Request.
  path: Assets/Scenes/Alex_Test.unity
  artifactKey: Guid(7014f4465f1af764f9ffbdc99858a2fd) Importer(815301076,1909f56bfc062723c751e8b465ee728b)
Start importing Assets/Scenes/Alex_Test.unity using Guid(7014f4465f1af764f9ffbdc99858a2fd) Importer(815301076,1909f56bfc062723c751e8b465ee728b)  -> (artifact id: '62b221b5cf67b0645fa02a779bf6c33f') in 0.013915 seconds
  Import took 0.015984 seconds .

========================================================================
Received Prepare
Registering precompiled user dll's ...
Registered in 0.001930 seconds.
Begin MonoManager ReloadAssembly
Native extension for WindowsStandalone target not found
Refreshing native plugins compatible for Editor in 0.36 ms, found 0 plugins.
Preloading 0 native plugins for Editor in 0.00 ms.
Invoked RoslynAnalysisRunner static constructor.
RoslynAnalysisRunner will not be running.
RoslynAnalysisRunner has terminated.
Mono: successfully reloaded assembly
- Completed reload, in  0.791 seconds
Platform modules already initialized, skipping
Refreshing native plugins compatible for Editor in 0.41 ms, found 0 plugins.
Preloading 0 native plugins for Editor in 0.00 ms.
Unloading 1397 Unused Serialized files (Serialized files now loaded: 0)
System memory in use before: 66.2 MB.
System memory in use after: 66.3 MB.

Unloading 26 unused Assets to reduce memory usage. Loaded Objects now: 1852.
Total: 1.636521 ms (FindLiveObjects: 0.327835 ms CreateObjectMapping: 0.066210 ms MarkObjects: 1.216775 ms  DeleteObjects: 0.017111 ms)

========================================================================
Received Import Request.
  Time since last request: 37.762375 seconds.
  path: Assets/Scripts
  artifactKey: Guid(12cafdae3ba60434685a3b79d3e2fe4f) Importer(815301076,1909f56bfc062723c751e8b465ee728b)
Start importing Assets/Scripts using Guid(12cafdae3ba60434685a3b79d3e2fe4f) Importer(815301076,1909f56bfc062723c751e8b465ee728b)  -> (artifact id: 'd9b9663bb67213a14bda27be17be7e45') in 0.006810 seconds
  Import took 0.009005 seconds .

========================================================================
Received Import Request.
  Time since last request: 9.659989 seconds.
  path: Assets/Scripts/Harvestable.cs
  artifactKey: Guid(ec167b3807d4a6d4db45975df112625a) Importer(815301076,1909f56bfc062723c751e8b465ee728b)
Start importing Assets/Scripts/Harvestable.cs using Guid(ec167b3807d4a6d4db45975df112625a) Importer(815301076,1909f56bfc062723c751e8b465ee728b)  -> (artifact id: '0557609ae3da8f26b431216b0ffe1afc') in 0.021762 seconds
  Import took 0.023659 seconds .

========================================================================
Received Import Request.
  Time since last request: 0.016860 seconds.
  path: Assets/Scripts/Harvestable.cs
  artifactKey: Guid(ec167b3807d4a6d4db45975df112625a) Importer(815301076,1909f56bfc062723c751e8b465ee728b)
Start importing Assets/Scripts/Harvestable.cs using Guid(ec167b3807d4a6d4db45975df112625a) Importer(815301076,1909f56bfc062723c751e8b465ee728b)  -> (artifact id: '0557609ae3da8f26b431216b0ffe1afc') in 0.002414 seconds
  Import took 0.004939 seconds .

========================================================================
Received Prepare
Registering precompiled user dll's ...
Registered in 0.002176 seconds.
Begin MonoManager ReloadAssembly
Native extension for WindowsStandalone target not found
Refreshing native plugins compatible for Editor in 0.78 ms, found 0 plugins.
Preloading 0 native plugins for Editor in 0.00 ms.
Invoked RoslynAnalysisRunner static constructor.
RoslynAnalysisRunner will not be running.
RoslynAnalysisRunner has terminated.
Mono: successfully reloaded assembly
- Completed reload, in  0.756 seconds
Platform modules already initialized, skipping
Refreshing native plugins compatible for Editor in 0.63 ms, found 0 plugins.
Preloading 0 native plugins for Editor in 0.00 ms.
Unloading 1398 Unused Serialized files (Serialized files now loaded: 0)
System memory in use before: 66.4 MB.
System memory in use after: 66.5 MB.

Unloading 26 unused Assets to reduce memory usage. Loaded Objects now: 1855.
Total: 1.605232 ms (FindLiveObjects: 0.140032 ms CreateObjectMapping: 0.027378 ms MarkObjects: 1.411353 ms  DeleteObjects: 0.021721 ms)

========================================================================
Received Prepare
Registering precompiled user dll's ...
Registered in 0.002282 seconds.
Begin MonoManager ReloadAssembly
Native extension for WindowsStandalone target not found
Refreshing native plugins compatible for Editor in 0.34 ms, found 0 plugins.
Preloading 0 native plugins for Editor in 0.00 ms.
Invoked RoslynAnalysisRunner static constructor.
RoslynAnalysisRunner will not be running.
RoslynAnalysisRunner has terminated.
Mono: successfully reloaded assembly
- Completed reload, in  0.806 seconds
Platform modules already initialized, skipping
Refreshing native plugins compatible for Editor in 0.66 ms, found 0 plugins.
Preloading 0 native plugins for Editor in 0.00 ms.
Unloading 1398 Unused Serialized files (Serialized files now loaded: 0)
System memory in use before: 66.6 MB.
System memory in use after: 66.7 MB.

Unloading 26 unused Assets to reduce memory usage. Loaded Objects now: 1857.
Total: 1.439219 ms (FindLiveObjects: 0.147644 ms CreateObjectMapping: 0.046863 ms MarkObjects: 1.216914 ms  DeleteObjects: 0.017460 ms)

========================================================================
Received Import Request.
  Time since last request: 45.916974 seconds.
  path: Assets/Scripts/Harvestable.cs
  artifactKey: Guid(ec167b3807d4a6d4db45975df112625a) Importer(815301076,1909f56bfc062723c751e8b465ee728b)
Start importing Assets/Scripts/Harvestable.cs using Guid(ec167b3807d4a6d4db45975df112625a) Importer(815301076,1909f56bfc062723c751e8b465ee728b)  -> (artifact id: '0ba923a14268dd3f1a6c0340ef49dace') in 0.004237 seconds
  Import took 0.006028 seconds .

========================================================================
Received Prepare
Registering precompiled user dll's ...
Registered in 0.001809 seconds.
Begin MonoManager ReloadAssembly
Native extension for WindowsStandalone target not found
Refreshing native plugins compatible for Editor in 0.35 ms, found 0 plugins.
Preloading 0 native plugins for Editor in 0.00 ms.
Invoked RoslynAnalysisRunner static constructor.
RoslynAnalysisRunner will not be running.
RoslynAnalysisRunner has terminated.
Mono: successfully reloaded assembly
- Completed reload, in  0.759 seconds
Platform modules already initialized, skipping
Refreshing native plugins compatible for Editor in 0.54 ms, found 0 plugins.
Preloading 0 native plugins for Editor in 0.00 ms.
Unloading 1398 Unused Serialized files (Serialized files now loaded: 0)
System memory in use before: 66.8 MB.
System memory in use after: 66.9 MB.

Unloading 26 unused Assets to reduce memory usage. Loaded Objects now: 1859.
Total: 1.431676 ms (FindLiveObjects: 0.140102 ms CreateObjectMapping: 0.031219 ms MarkObjects: 1.232908 ms  DeleteObjects: 0.020883 ms)

========================================================================
Received Import Request.
  Time since last request: 166.622957 seconds.
  path: Assets/Scripts/Harvestable.cs
  artifactKey: Guid(ec167b3807d4a6d4db45975df112625a) Importer(815301076,1909f56bfc062723c751e8b465ee728b)
Start importing Assets/Scripts/Harvestable.cs using Guid(ec167b3807d4a6d4db45975df112625a) Importer(815301076,1909f56bfc062723c751e8b465ee728b)  -> (artifact id: '8b57bee622bfe4a27c6eb0bee1ae74eb') in 0.003991 seconds
  Import took 0.005608 seconds .

========================================================================
Received Prepare
Registering precompiled user dll's ...
Registered in 0.001795 seconds.
Begin MonoManager ReloadAssembly
Native extension for WindowsStandalone target not found
Refreshing native plugins compatible for Editor in 0.51 ms, found 0 plugins.
Preloading 0 native plugins for Editor in 0.00 ms.
Invoked RoslynAnalysisRunner static constructor.
RoslynAnalysisRunner will not be running.
RoslynAnalysisRunner has terminated.
Mono: successfully reloaded assembly
- Completed reload, in  0.788 seconds
Platform modules already initialized, skipping
Refreshing native plugins compatible for Editor in 0.35 ms, found 0 plugins.
Preloading 0 native plugins for Editor in 0.00 ms.
Unloading 1398 Unused Serialized files (Serialized files now loaded: 0)
System memory in use before: 66.9 MB.
System memory in use after: 67.0 MB.

Unloading 26 unused Assets to reduce memory usage. Loaded Objects now: 1861.
Total: 1.857010 ms (FindLiveObjects: 0.272521 ms CreateObjectMapping: 0.036457 ms MarkObjects: 1.520584 ms  DeleteObjects: 0.017460 ms)

========================================================================
Received Import Request.
  Time since last request: 807.351720 seconds.
  path: Assets/Scripts/IUnitInteractable.cs
  artifactKey: Guid(67abad4c89093424ea09dc81ad8c2b23) Importer(815301076,1909f56bfc062723c751e8b465ee728b)
Start importing Assets/Scripts/IUnitInteractable.cs using Guid(67abad4c89093424ea09dc81ad8c2b23) Importer(815301076,1909f56bfc062723c751e8b465ee728b)  -> (artifact id: 'c99fc7767a450d9cd026c004abae87d9') in 0.007118 seconds
  Import took 0.009083 seconds .

========================================================================
Received Import Request.
  Time since last request: 0.003279 seconds.
  path: Assets/Scripts/IUnitInteractable.cs
  artifactKey: Guid(67abad4c89093424ea09dc81ad8c2b23) Importer(815301076,1909f56bfc062723c751e8b465ee728b)
Start importing Assets/Scripts/IUnitInteractable.cs using Guid(67abad4c89093424ea09dc81ad8c2b23) Importer(815301076,1909f56bfc062723c751e8b465ee728b)  -> (artifact id: 'c99fc7767a450d9cd026c004abae87d9') in 0.002019 seconds
  Import took 0.004059 seconds .

========================================================================
Received Prepare
Registering precompiled user dll's ...
Registered in 0.002101 seconds.
Begin MonoManager ReloadAssembly
Native extension for WindowsStandalone target not found
Refreshing native plugins compatible for Editor in 0.49 ms, found 0 plugins.
Preloading 0 native plugins for Editor in 0.00 ms.
Invoked RoslynAnalysisRunner static constructor.
RoslynAnalysisRunner will not be running.
RoslynAnalysisRunner has terminated.
Mono: successfully reloaded assembly
- Completed reload, in  0.839 seconds
Platform modules already initialized, skipping
Refreshing native plugins compatible for Editor in 0.59 ms, found 0 plugins.
Preloading 0 native plugins for Editor in 0.00 ms.
Unloading 1399 Unused Serialized files (Serialized files now loaded: 0)
System memory in use before: 67.2 MB.
System memory in use after: 67.3 MB.

Unloading 26 unused Assets to reduce memory usage. Loaded Objects now: 1864.
Total: 1.387607 ms (FindLiveObjects: 0.148064 ms CreateObjectMapping: 0.027029 ms MarkObjects: 1.190794 ms  DeleteObjects: 0.015156 ms)

========================================================================
Received Prepare
Registering precompiled user dll's ...
Registered in 0.001864 seconds.
Begin MonoManager ReloadAssembly
Native extension for WindowsStandalone target not found
Refreshing native plugins compatible for Editor in 0.36 ms, found 0 plugins.
Preloading 0 native plugins for Editor in 0.00 ms.
Invoked RoslynAnalysisRunner static constructor.
RoslynAnalysisRunner will not be running.
RoslynAnalysisRunner has terminated.
Mono: successfully reloaded assembly
- Completed reload, in  0.771 seconds
Platform modules already initialized, skipping
Refreshing native plugins compatible for Editor in 0.34 ms, found 0 plugins.
Preloading 0 native plugins for Editor in 0.00 ms.
Unloading 1399 Unused Serialized files (Serialized files now loaded: 0)
System memory in use before: 67.4 MB.
System memory in use after: 67.5 MB.

Unloading 26 unused Assets to reduce memory usage. Loaded Objects now: 1866.
Total: 1.419314 ms (FindLiveObjects: 0.143733 ms CreateObjectMapping: 0.033105 ms MarkObjects: 1.216356 ms  DeleteObjects: 0.019905 ms)

========================================================================
Received Import Request.
  Time since last request: 57.730500 seconds.
  path: Assets/Scripts/IUnitInteractable.cs
  artifactKey: Guid(67abad4c89093424ea09dc81ad8c2b23) Importer(815301076,1909f56bfc062723c751e8b465ee728b)
Start importing Assets/Scripts/IUnitInteractable.cs using Guid(67abad4c89093424ea09dc81ad8c2b23) Importer(815301076,1909f56bfc062723c751e8b465ee728b)  -> (artifact id: '9ef5a8b5f0a02ed07169aec0a36a9f7d') in 0.004295 seconds
  Import took 0.006085 seconds .

========================================================================
Received Prepare
Registering precompiled user dll's ...
Registered in 0.001922 seconds.
Begin MonoManager ReloadAssembly
Native extension for WindowsStandalone target not found
Refreshing native plugins compatible for Editor in 0.36 ms, found 0 plugins.
Preloading 0 native plugins for Editor in 0.00 ms.
Invoked RoslynAnalysisRunner static constructor.
RoslynAnalysisRunner will not be running.
RoslynAnalysisRunner has terminated.
Mono: successfully reloaded assembly
- Completed reload, in  0.756 seconds
Platform modules already initialized, skipping
Refreshing native plugins compatible for Editor in 0.34 ms, found 0 plugins.
Preloading 0 native plugins for Editor in 0.00 ms.
Unloading 1399 Unused Serialized files (Serialized files now loaded: 0)
System memory in use before: 67.6 MB.
System memory in use after: 67.7 MB.

Unloading 26 unused Assets to reduce memory usage. Loaded Objects now: 1868.
Total: 1.442083 ms (FindLiveObjects: 0.132489 ms CreateObjectMapping: 0.034083 ms MarkObjects: 1.252394 ms  DeleteObjects: 0.016133 ms)

========================================================================
Received Prepare
Registering precompiled user dll's ...
Registered in 0.002659 seconds.
Begin MonoManager ReloadAssembly
Native extension for WindowsStandalone target not found
Refreshing native plugins compatible for Editor in 0.35 ms, found 0 plugins.
Preloading 0 native plugins for Editor in 0.00 ms.
Invoked RoslynAnalysisRunner static constructor.
RoslynAnalysisRunner will not be running.
RoslynAnalysisRunner has terminated.
Mono: successfully reloaded assembly
- Completed reload, in  0.771 seconds
Platform modules already initialized, skipping
Refreshing native plugins compatible for Editor in 0.39 ms, found 0 plugins.
Preloading 0 native plugins for Editor in 0.00 ms.
Unloading 1399 Unused Serialized files (Serialized files now loaded: 0)
System memory in use before: 67.8 MB.
System memory in use after: 67.9 MB.

Unloading 26 unused Assets to reduce memory usage. Loaded Objects now: 1870.
Total: 2.003607 ms (FindLiveObjects: 0.209105 ms CreateObjectMapping: 0.036876 ms MarkObjects: 1.722216 ms  DeleteObjects: 0.025562 ms)

========================================================================
Received Import Request.
  Time since last request: 169.423583 seconds.
  path: Assets/Prefabs/Resources/Tree.prefab
  artifactKey: Guid(3e1997dbac37c6342853ae48150b5591) Importer(815301076,1909f56bfc062723c751e8b465ee728b)
Start importing Assets/Prefabs/Resources/Tree.prefab using Guid(3e1997dbac37c6342853ae48150b5591) Importer(815301076,1909f56bfc062723c751e8b465ee728b)  -> (artifact id: 'a629438fb86bb2ebfeb471a5726426e4') in 0.281456 seconds
  Import took 0.283778 seconds .

========================================================================
Received Import Request.
  Time since last request: 8.978342 seconds.
  path: Assets/Graphics/Meshes/Props/mod_prop_clock_big_arm.fbx
  artifactKey: Guid(a178c5283e00d794fb7595433015a6f8) Importer(815301076,1909f56bfc062723c751e8b465ee728b)
Start importing Assets/Graphics/Meshes/Props/mod_prop_clock_big_arm.fbx using Guid(a178c5283e00d794fb7595433015a6f8) Importer(815301076,1909f56bfc062723c751e8b465ee728b)  -> (artifact id: 'b6d7170b8e8a27061cbc99b2ffbfc5ab') in 0.068357 seconds
  Import took 0.070383 seconds .

========================================================================
Received Import Request.
  Time since last request: 0.033784 seconds.
  path: Assets/Graphics/Meshes/Props/mod_prop_clock_big_arm.fbx
  artifactKey: Guid(a178c5283e00d794fb7595433015a6f8) Importer(815301076,1909f56bfc062723c751e8b465ee728b)
Start importing Assets/Graphics/Meshes/Props/mod_prop_clock_big_arm.fbx using Guid(a178c5283e00d794fb7595433015a6f8) Importer(815301076,1909f56bfc062723c751e8b465ee728b)  -> (artifact id: 'b6d7170b8e8a27061cbc99b2ffbfc5ab') in 0.016081 seconds
  Import took 0.018033 seconds .

========================================================================
Received Import Request.
  Time since last request: 0.640799 seconds.
  path: Assets/Graphics/Meshes/Props/mod_prop_banner_01.fbx
  artifactKey: Guid(075874f2e4b988942a629fdb6f3cf338) Importer(815301076,1909f56bfc062723c751e8b465ee728b)
Start importing Assets/Graphics/Meshes/Props/mod_prop_banner_01.fbx using Guid(075874f2e4b988942a629fdb6f3cf338) Importer(815301076,1909f56bfc062723c751e8b465ee728b)  -> (artifact id: 'b3c6a4daeb79161b0dda9ae367ffe6fb') in 0.246699 seconds
  Import took 0.248736 seconds .

========================================================================
Received Import Request.
  Time since last request: 12.428326 seconds.
  path: Assets/Graphics/Meshes/Props/Buildings
  artifactKey: Guid(2035678167f675e4db464d94d75f08cb) Importer(815301076,1909f56bfc062723c751e8b465ee728b)
Start importing Assets/Graphics/Meshes/Props/Buildings using Guid(2035678167f675e4db464d94d75f08cb) Importer(815301076,1909f56bfc062723c751e8b465ee728b)  -> (artifact id: '11b747b3b099eb0cbfdaea457c02afd6') in 0.005927 seconds
  Import took 0.007983 seconds .

========================================================================
Received Import Request.
  Time since last request: 43.962818 seconds.
  path: Assets/Prefabs/Resources/Lumber.prefab
  artifactKey: Guid(b083c3d3e9497d04e82e03336384d843) Importer(815301076,1909f56bfc062723c751e8b465ee728b)
Start importing Assets/Prefabs/Resources/Lumber.prefab using Guid(b083c3d3e9497d04e82e03336384d843) Importer(815301076,1909f56bfc062723c751e8b465ee728b)  -> (artifact id: 'ee3d8ccb51b95a680cc7f1e8cafe126b') in 0.015742 seconds
  Import took 0.017969 seconds .

========================================================================
Received Import Request.
  Time since last request: 92.275203 seconds.
  path: Assets/Graphics/Materials/Colors/Blue.mat
  artifactKey: Guid(1e397d558585b784b91b02274f0f3558) Importer(815301076,1909f56bfc062723c751e8b465ee728b)
Start importing Assets/Graphics/Materials/Colors/Blue.mat using Guid(1e397d558585b784b91b02274f0f3558) Importer(815301076,1909f56bfc062723c751e8b465ee728b)  -> (artifact id: '4904d1a5499b68f63f1421cf1e282a4c') in 0.033605 seconds
  Import took 0.035799 seconds .

========================================================================
Received Import Request.
  Time since last request: 0.000168 seconds.
  path: Assets/Graphics/Materials/Colors/Gray.mat
  artifactKey: Guid(d236766edf9b2d74abaf98be7b882eb4) Importer(815301076,1909f56bfc062723c751e8b465ee728b)
Start importing Assets/Graphics/Materials/Colors/Gray.mat using Guid(d236766edf9b2d74abaf98be7b882eb4) Importer(815301076,1909f56bfc062723c751e8b465ee728b)  -> (artifact id: '0ddbbbdf11ecfed774cfe23b1a2cbfaf') in 0.011391 seconds
  Import took 0.013344 seconds .

========================================================================
Received Import Request.
  Time since last request: 0.000140 seconds.
  path: Assets/TextMesh Pro/Resources/Fonts & Materials/LiberationSans SDF - Outline.mat
  artifactKey: Guid(79459efec17a4d00a321bdcc27bbc385) Importer(815301076,1909f56bfc062723c751e8b465ee728b)
Start importing Assets/TextMesh Pro/Resources/Fonts & Materials/LiberationSans SDF - Outline.mat using Guid(79459efec17a4d00a321bdcc27bbc385) Importer(815301076,1909f56bfc062723c751e8b465ee728b)  -> (artifact id: '6a5032d65ad22930776a6f09fdd5dfba') in 0.075864 seconds
  Import took 0.077827 seconds .

========================================================================
Received Import Request.
  Time since last request: 0.000149 seconds.
  path: Assets/Graphics/Meshes/Character/Materials/tex_char_skeleton.mat
  artifactKey: Guid(aacac3ae401d08a4fa759583367e3c3c) Importer(815301076,1909f56bfc062723c751e8b465ee728b)
Start importing Assets/Graphics/Meshes/Character/Materials/tex_char_skeleton.mat using Guid(aacac3ae401d08a4fa759583367e3c3c) Importer(815301076,1909f56bfc062723c751e8b465ee728b)  -> (artifact id: '609fde4a413a814e11906f4ed47f31ba') in 0.012270 seconds
  Import took 0.013880 seconds .

========================================================================
Received Import Request.
  Time since last request: 0.000165 seconds.
  path: Assets/Graphics/Meshes/Props/Buildings/Materials/tex_building_tavern.mat
  artifactKey: Guid(fc4abec19eb4d9349b01bfef2eec1713) Importer(815301076,1909f56bfc062723c751e8b465ee728b)
Start importing Assets/Graphics/Meshes/Props/Buildings/Materials/tex_building_tavern.mat using Guid(fc4abec19eb4d9349b01bfef2eec1713) Importer(815301076,1909f56bfc062723c751e8b465ee728b)  -> (artifact id: 'a1591c5c0e97f14cfc930e295fdfb71e') in 0.030833 seconds
  Import took 0.032744 seconds .

========================================================================
Received Import Request.
  Time since last request: 0.000135 seconds.
  path: Assets/Graphics/Meshes/Props/Materials/tex_prop_flag_heroes.mat
  artifactKey: Guid(990a4bb6cb8fe1c46a51c83243797aa5) Importer(815301076,1909f56bfc062723c751e8b465ee728b)
Start importing Assets/Graphics/Meshes/Props/Materials/tex_prop_flag_heroes.mat using Guid(990a4bb6cb8fe1c46a51c83243797aa5) Importer(815301076,1909f56bfc062723c751e8b465ee728b)  -> (artifact id: '49e8732c6bf5838577bac979c8c9757a') in 0.011920 seconds
  Import took 0.013584 seconds .

========================================================================
Received Import Request.
  Time since last request: 0.000137 seconds.
  path: Assets/Graphics/Meshes/Props/Materials/tex_building_townhall.mat
  artifactKey: Guid(54ae984344a09684683b4774803d89a1) Importer(815301076,1909f56bfc062723c751e8b465ee728b)
Start importing Assets/Graphics/Meshes/Props/Materials/tex_building_townhall.mat using Guid(54ae984344a09684683b4774803d89a1) Importer(815301076,1909f56bfc062723c751e8b465ee728b)  -> (artifact id: '362e34e751fa7ec89d482e963f2b17f0') in 0.010856 seconds
  Import took 0.012659 seconds .

========================================================================
Received Import Request.
  Time since last request: 0.000143 seconds.
  path: Assets/Graphics/Materials/Colors/Yellow.mat
  artifactKey: Guid(ebc5b18426b6fed4c87a583c4e4b8e16) Importer(815301076,1909f56bfc062723c751e8b465ee728b)
Start importing Assets/Graphics/Materials/Colors/Yellow.mat using Guid(ebc5b18426b6fed4c87a583c4e4b8e16) Importer(815301076,1909f56bfc062723c751e8b465ee728b)  -> (artifact id: '7de6bdf58f2ba9bb0ce7cf8e08e81444') in 0.016535 seconds
  Import took 0.018163 seconds .

========================================================================
Received Import Request.
  Time since last request: 0.000164 seconds.
  path: Assets/Graphics/Materials/Colors/Brown.mat
  artifactKey: Guid(65e71f3ec788f89479e36ef7489eb05c) Importer(815301076,1909f56bfc062723c751e8b465ee728b)
Start importing Assets/Graphics/Materials/Colors/Brown.mat using Guid(65e71f3ec788f89479e36ef7489eb05c) Importer(815301076,1909f56bfc062723c751e8b465ee728b)  -> (artifact id: '0663fb3eb68ec667ef332743ac003357') in 0.013902 seconds
  Import took 0.015881 seconds .

========================================================================
Received Import Request.
  Time since last request: 0.000159 seconds.
  path: Assets/Graphics/Materials/mat_building_tavern.mat
  artifactKey: Guid(10875116196457848bb46073344d1f1b) Importer(815301076,1909f56bfc062723c751e8b465ee728b)
Start importing Assets/Graphics/Materials/mat_building_tavern.mat using Guid(10875116196457848bb46073344d1f1b) Importer(815301076,1909f56bfc062723c751e8b465ee728b)  -> (artifact id: 'd2469dceadb96006b4dddfb29a259ad8') in 0.013631 seconds
  Import took 0.015509 seconds .

========================================================================
Received Import Request.
  Time since last request: 0.000145 seconds.
  path: Assets/TextMesh Pro/Resources/Fonts & Materials/LiberationSans SDF - Fallback.asset
  artifactKey: Guid(2e498d1c8094910479dc3e1b768306a4) Importer(815301076,1909f56bfc062723c751e8b465ee728b)
Start importing Assets/TextMesh Pro/Resources/Fonts & Materials/LiberationSans SDF - Fallback.asset using Guid(2e498d1c8094910479dc3e1b768306a4) Importer(815301076,1909f56bfc062723c751e8b465ee728b)  -> (artifact id: 'f7c69f0f177aaff98bddd3487386d0d8') in 0.045080 seconds
  Import took 0.046720 seconds .

========================================================================
Received Import Request.
  Time since last request: 0.000141 seconds.
  path: Assets/Graphics/Materials/Colors/Blue.mat
  artifactKey: Guid(1e397d558585b784b91b02274f0f3558) Importer(815301076,1909f56bfc062723c751e8b465ee728b)
Start importing Assets/Graphics/Materials/Colors/Blue.mat using Guid(1e397d558585b784b91b02274f0f3558) Importer(815301076,1909f56bfc062723c751e8b465ee728b)  -> (artifact id: '4904d1a5499b68f63f1421cf1e282a4c') in 0.012318 seconds
  Import took 0.013818 seconds .

========================================================================
Received Import Request.
  Time since last request: 0.000136 seconds.
  path: Assets/TextMesh Pro/Fonts/LiberationSans.ttf
  artifactKey: Guid(e3265ab4bf004d28a9537516768c1c75) Importer(815301076,1909f56bfc062723c751e8b465ee728b)
Start importing Assets/TextMesh Pro/Fonts/LiberationSans.ttf using Guid(e3265ab4bf004d28a9537516768c1c75) Importer(815301076,1909f56bfc062723c751e8b465ee728b)  -> (artifact id: 'faad416e45a16439f24de15f305294cc') in 0.036299 seconds
  Import took 0.037817 seconds .

========================================================================
Received Import Request.
  Time since last request: 0.000136 seconds.
  path: Assets/TextMesh Pro/Resources/Fonts & Materials/LiberationSans SDF - Drop Shadow.mat
  artifactKey: Guid(e73a58f6e2794ae7b1b7e50b7fb811b0) Importer(815301076,1909f56bfc062723c751e8b465ee728b)
Start importing Assets/TextMesh Pro/Resources/Fonts & Materials/LiberationSans SDF - Drop Shadow.mat using Guid(e73a58f6e2794ae7b1b7e50b7fb811b0) Importer(815301076,1909f56bfc062723c751e8b465ee728b)  -> (artifact id: '37a1f948f4e1ce10e347bfa572650d42') in 0.070630 seconds
  Import took 0.072263 seconds .

========================================================================
Received Import Request.
  Time since last request: 0.000157 seconds.
  path: Assets/Graphics/Materials/mat_building_town_hall.mat
  artifactKey: Guid(138bf11ea992bc84db1cc7bce9fa83ec) Importer(815301076,1909f56bfc062723c751e8b465ee728b)
Start importing Assets/Graphics/Materials/mat_building_town_hall.mat using Guid(138bf11ea992bc84db1cc7bce9fa83ec) Importer(815301076,1909f56bfc062723c751e8b465ee728b)  -> (artifact id: '055ec424e7fca5470de06e4cd06009e8') in 0.096842 seconds
  Import took 0.099147 seconds .

========================================================================
Received Import Request.
  Time since last request: 0.000140 seconds.
  path: Assets/Graphics/Materials/Colors/Red.mat
  artifactKey: Guid(3e552567361a6c14fa385c4b4b6fef04) Importer(815301076,1909f56bfc062723c751e8b465ee728b)
Start importing Assets/Graphics/Materials/Colors/Red.mat using Guid(3e552567361a6c14fa385c4b4b6fef04) Importer(815301076,1909f56bfc062723c751e8b465ee728b)  -> (artifact id: 'da12f8a46adc63c571565ddbea60e74f') in 0.022801 seconds
  Import took 0.024707 seconds .

========================================================================
Received Import Request.
  Time since last request: 0.000140 seconds.
  path: Assets/Graphics/Materials/mat_prop_banner_heroes.mat
  artifactKey: Guid(dce7c1337442075449af428e179abc14) Importer(815301076,1909f56bfc062723c751e8b465ee728b)
Start importing Assets/Graphics/Materials/mat_prop_banner_heroes.mat using Guid(dce7c1337442075449af428e179abc14) Importer(815301076,1909f56bfc062723c751e8b465ee728b)  -> (artifact id: 'cf043995fdf4921f9702b335040f0fb9') in 0.014217 seconds
  Import took 0.016106 seconds .

========================================================================
Received Import Request.
  Time since last request: 0.000145 seconds.
  path: Assets/TextMesh Pro/Resources/Fonts & Materials/LiberationSans SDF.asset
  artifactKey: Guid(8f586378b4e144a9851e7b34d9b748ee) Importer(815301076,1909f56bfc062723c751e8b465ee728b)
Start importing Assets/TextMesh Pro/Resources/Fonts & Materials/LiberationSans SDF.asset using Guid(8f586378b4e144a9851e7b34d9b748ee) Importer(815301076,1909f56bfc062723c751e8b465ee728b)  -> (artifact id: '98016dc9bc6cc37ae882a6d529100378') in 0.045283 seconds
  Import took 0.047001 seconds .

========================================================================
Received Import Request.
  Time since last request: 0.000158 seconds.
  path: Assets/Graphics/Materials/mat_prop_flag_heroes.mat
  artifactKey: Guid(30f19e8f694877742bed31e1bcc5a06d) Importer(815301076,1909f56bfc062723c751e8b465ee728b)
Start importing Assets/Graphics/Materials/mat_prop_flag_heroes.mat using Guid(30f19e8f694877742bed31e1bcc5a06d) Importer(815301076,1909f56bfc062723c751e8b465ee728b)  -> (artifact id: 'ac1451d3589bb5976784d48f7d6739a7') in 0.010605 seconds
  Import took 0.012536 seconds .

========================================================================
Received Import Request.
  Time since last request: 0.000158 seconds.
  path: Assets/Graphics/Materials/Map Material.mat
  artifactKey: Guid(e84f23a63b934c34a8186fd222250327) Importer(815301076,1909f56bfc062723c751e8b465ee728b)
Start importing Assets/Graphics/Materials/Map Material.mat using Guid(e84f23a63b934c34a8186fd222250327) Importer(815301076,1909f56bfc062723c751e8b465ee728b)  -> (artifact id: '17e250eb50d9ffc398f59adcaf96e667') in 0.046533 seconds
  Import took 0.048308 seconds .

========================================================================
Received Import Request.
  Time since last request: 0.000139 seconds.
  path: Assets/Graphics/Materials/Colors/Green.mat
  artifactKey: Guid(5fc70794ff7fa3241bac8142952da6e4) Importer(815301076,1909f56bfc062723c751e8b465ee728b)
Start importing Assets/Graphics/Materials/Colors/Green.mat using Guid(5fc70794ff7fa3241bac8142952da6e4) Importer(815301076,1909f56bfc062723c751e8b465ee728b)  -> (artifact id: '33bfb9578d2d09927218520e05b310a7') in 0.012941 seconds
  Import took 0.014496 seconds .

========================================================================
Received Import Request.
  Time since last request: 0.000162 seconds.
  path: Assets/Graphics/Materials/Mesh Material.mat
  artifactKey: Guid(994e2c59e1b68a44dba7d93695a9ade2) Importer(815301076,1909f56bfc062723c751e8b465ee728b)
Start importing Assets/Graphics/Materials/Mesh Material.mat using Guid(994e2c59e1b68a44dba7d93695a9ade2) Importer(815301076,1909f56bfc062723c751e8b465ee728b)  -> (artifact id: '2649e6183f2dd85b65b8a8dc01a85c04') in 0.172295 seconds
  Import took 0.174155 seconds .

========================================================================
Received Import Request.
  Time since last request: 0.000181 seconds.
  path: Assets/Graphics/Materials/Water.mat
  artifactKey: Guid(5c7c97427f77d83409312963fba38cfb) Importer(815301076,1909f56bfc062723c751e8b465ee728b)
Start importing Assets/Graphics/Materials/Water.mat using Guid(5c7c97427f77d83409312963fba38cfb) Importer(815301076,1909f56bfc062723c751e8b465ee728b)  -> (artifact id: 'cdae5d21fa1ead5c666cf8d3c2a9901e') in 0.019368 seconds
  Import took 0.021235 seconds .

========================================================================
Received Import Request.
  Time since last request: 0.000150 seconds.
  path: Assets/Graphics/Meshes/Props/Materials/tex_prop_banner_heroes.mat
  artifactKey: Guid(1713c9c9eac96d64dbe2faa7390f4871) Importer(815301076,1909f56bfc062723c751e8b465ee728b)
Start importing Assets/Graphics/Meshes/Props/Materials/tex_prop_banner_heroes.mat using Guid(1713c9c9eac96d64dbe2faa7390f4871) Importer(815301076,1909f56bfc062723c751e8b465ee728b)  -> (artifact id: '0d267df2054f7416581f43fc12111df3') in 0.013351 seconds
  Import took 0.015071 seconds .

========================================================================
Received Import Request.
  Time since last request: 0.000151 seconds.
  path: Assets/Graphics/Materials/Characters/mat_char_monster_skeleton_a.mat
  artifactKey: Guid(a5c50b9a79710c842a44f31f11debbb7) Importer(815301076,1909f56bfc062723c751e8b465ee728b)
Start importing Assets/Graphics/Materials/Characters/mat_char_monster_skeleton_a.mat using Guid(a5c50b9a79710c842a44f31f11debbb7) Importer(815301076,1909f56bfc062723c751e8b465ee728b)  -> (artifact id: '132ed62e3ec29346ebd024015c7fc82f') in 0.035543 seconds
  Import took 0.037417 seconds .

========================================================================
Received Prepare
Registering precompiled user dll's ...
Registered in 0.001877 seconds.
Begin MonoManager ReloadAssembly
Native extension for WindowsStandalone target not found
Refreshing native plugins compatible for Editor in 0.39 ms, found 0 plugins.
Preloading 0 native plugins for Editor in 0.00 ms.
Invoked RoslynAnalysisRunner static constructor.
RoslynAnalysisRunner will not be running.
RoslynAnalysisRunner has terminated.
Mono: successfully reloaded assembly
- Completed reload, in  0.766 seconds
Platform modules already initialized, skipping
Refreshing native plugins compatible for Editor in 0.53 ms, found 0 plugins.
Preloading 0 native plugins for Editor in 0.00 ms.
Unloading 1399 Unused Serialized files (Serialized files now loaded: 0)
System memory in use before: 72.2 MB.
System memory in use after: 72.3 MB.

Unloading 26 unused Assets to reduce memory usage. Loaded Objects now: 1921.
Total: 1.587772 ms (FindLiveObjects: 0.213854 ms CreateObjectMapping: 0.033594 ms MarkObjects: 1.314832 ms  DeleteObjects: 0.016483 ms)

========================================================================
Received Prepare
Registering precompiled user dll's ...
Registered in 0.001855 seconds.
Begin MonoManager ReloadAssembly
Native extension for WindowsStandalone target not found
Refreshing native plugins compatible for Editor in 0.50 ms, found 0 plugins.
Preloading 0 native plugins for Editor in 0.00 ms.
Invoked RoslynAnalysisRunner static constructor.
RoslynAnalysisRunner will not be running.
RoslynAnalysisRunner has terminated.
Mono: successfully reloaded assembly
- Completed reload, in  0.787 seconds
Platform modules already initialized, skipping
Refreshing native plugins compatible for Editor in 0.36 ms, found 0 plugins.
Preloading 0 native plugins for Editor in 0.00 ms.
Unloading 1399 Unused Serialized files (Serialized files now loaded: 0)
System memory in use before: 71.6 MB.
System memory in use after: 71.7 MB.

Unloading 26 unused Assets to reduce memory usage. Loaded Objects now: 1923.
Total: 1.587353 ms (FindLiveObjects: 0.152813 ms CreateObjectMapping: 0.030311 ms MarkObjects: 1.373080 ms  DeleteObjects: 0.024095 ms)

========================================================================
Received Prepare
Registering precompiled user dll's ...
Registered in 0.002036 seconds.
Begin MonoManager ReloadAssembly
Native extension for WindowsStandalone target not found
Refreshing native plugins compatible for Editor in 0.35 ms, found 0 plugins.
Preloading 0 native plugins for Editor in 0.00 ms.
Invoked RoslynAnalysisRunner static constructor.
RoslynAnalysisRunner will not be running.
RoslynAnalysisRunner has terminated.
Mono: successfully reloaded assembly
- Completed reload, in  0.776 seconds
Platform modules already initialized, skipping
Refreshing native plugins compatible for Editor in 0.47 ms, found 0 plugins.
Preloading 0 native plugins for Editor in 0.00 ms.
Unloading 1399 Unused Serialized files (Serialized files now loaded: 0)
System memory in use before: 71.9 MB.
System memory in use after: 72.0 MB.

Unloading 26 unused Assets to reduce memory usage. Loaded Objects now: 1925.
Total: 2.012616 ms (FindLiveObjects: 0.177956 ms CreateObjectMapping: 0.040648 ms MarkObjects: 1.769359 ms  DeleteObjects: 0.016971 ms)

